{
  "RSpec": {
    "coverage": {
      "/home/random/Dropbox/Code/Projects/TechTests/Cleo/spec/features/buy_a_product_spec.rb": [
        null,
        null,
        null,
        null,
        1,
        1,
        0,
        null,
        0,
        0,
        null,
        null
      ],
      "/home/random/Dropbox/Code/Projects/TechTests/Cleo/spec/vending_machine_spec.rb": [
        null,
        null,
        1,
        2,
        null,
        1,
        1,
        1,
        null,
        null,
        null
      ]
    },
    "timestamp": 1563371882
  }
}
