{
  "RSpec": {
    "coverage": {
      "/home/random/Dropbox/Code/Projects/TechTests/SmartPension/spec/features/receiver_features_spec.rb": [
        1,
        null,
        1,
        1,
        null,
        1,
        null,
        1,
        null,
        0,
        0,
        0,
        null,
        null,
        null
      ],
      "/home/random/Dropbox/Code/Projects/TechTests/SmartPension/spec/features_helper.rb": [
        1,
        null,
        1,
        1,
        null,
        null,
        1,
        1,
        null,
        null,
        1,
        0,
        null,
        null,
        1,
        0,
        null,
        null,
        1,
        0,
        null,
        null
      ],
      "/home/random/Dropbox/Code/Projects/TechTests/SmartPension/lib/receiver.rb": [
        null,
        1,
        1,
        null,
        1,
        2,
        null,
        null,
        2,
        null,
        null,
        1,
        1,
        1,
        1,
        1,
        null,
        0,
        0,
        0,
        null,
        null,
        null,
        1,
        0,
        null,
        null,
        null,
        1,
        1,
        1,
        0,
        null,
        null,
        null,
        null,
        1,
        1,
        1,
        0,
        null,
        null,
        null,
        null,
        null,
        1,
        1,
        1
      ],
      "/home/random/Dropbox/Code/Projects/TechTests/SmartPension/spec/receiver_spec.rb": [

      ]
    },
    "timestamp": 1562962036
  }
}
