{
  "RSpec": {
    "coverage": {
      "/home/random/Dropbox/Code/Projects/TechTests/Roomba/spec/roomba_main_spec.rb": [
        1,
        null,
        1,
        1,
        2,
        2,
        null,
        null,
        1,
        1,
        1,
        null,
        null,
        1,
        1,
        1,
        null,
        null,
        null,
        null
      ],
      "/home/random/Dropbox/Code/Projects/TechTests/Roomba/lib/roomba_main.rb": [
        null,
        1,
        1,
        null,
        1,
        2,
        null,
        null,
        1,
        1,
        null,
        null
      ],
      "/home/random/Dropbox/Code/Projects/TechTests/Roomba/spec/roomba_room_builder_spec.rb": [
        1,
        null,
        1,
        1,
        6,
        6,
        null,
        null,
        1,
        1,
        1,
        null,
        null,
        null,
        1,
        1,
        1,
        null,
        null,
        1,
        1,
        null,
        null,
        1,
        1,
        null,
        null,
        1,
        1,
        null,
        null,
        1,
        1,
        1,
        null,
        null,
        null,
        null,
        null,
        null,
        null,
        null,
        null,
        null,
        null,
        null,
        null
      ],
      "/home/random/Dropbox/Code/Projects/TechTests/Roomba/lib/roomba_room_builder.rb": [
        null,
        1,
        1,
        null,
        1,
        6,
        6,
        null,
        null,
        1,
        null,
        7,
        7,
        null,
        7,
        null,
        7,
        35,
        35,
        175,
        2,
        2,
        null,
        173,
        null,
        null,
        null,
        null,
        35,
        35,
        null,
        null,
        null,
        7,
        7,
        null,
        null
      ]
    },
    "timestamp": 1563187993
  }
}
